<?xml version='1.0' encoding='utf-8'?>
<testsuites><testsuite name="TankBase::full" tests="15" failures="1" errors="0" time="139.959"><testcase classname="selenium" name="Верификация · Логин и пароль" time="0"><system-out>Вход выполнен (скриншот: 01_Логин_после_входа_093631.png)</system-out></testcase><testcase classname="selenium" name="Валидность · Неверный логин/пароль" time="0"><system-out>Ожидаем сообщение об ошибке (скриншот: 02_Неверный_логин_093715.png)</system-out><failure message="❌ ОШИБКА">Ожидаем сообщение об ошибке (скриншот: 02_Неверный_логин_093715.png)</failure></testcase><testcase classname="selenium" name="Верификация · Навигация: Заказы" time="0"><system-out>Заказы - Танковая База (скриншот: 03_Навигация_Заказы_093717.png)</system-out></testcase><testcase classname="selenium" name="Верификация · Навигация: Клиенты" time="0"><system-out>Клиенты - Танковая База (скриншот: 04_Навигация_Клиенты_093720.png)</system-out></testcase><testcase classname="selenium" name="Верификация · Навигация: Комплектующие" time="0"><system-out>Комплектующие - Танковая База (скриншот: 05_Навигация_Комплектующие_093723.png)</system-out></testcase><testcase classname="selenium" name="Верификация · Навигация: Категории" time="0"><system-out>Категории - Танковая База (скриншот: 06_Навигация_Категории_093725.png)</system-out></testcase><testcase classname="selenium" name="Верификация · Навигация: Зоны доставки" time="0"><system-out>Зоны доставки - Танковая База (скриншот: 07_Навигация_Зоны_доставки_093728.png)</system-out></testcase><testcase classname="selenium" name="Верификация · Навигация: Гарантии" time="0"><system-out>Гарантии - Танковая База (скриншот: 08_Навигация_Гарантии_093730.png)</system-out></testcase><testcase classname="selenium" name="Верификация · Комплектующие" time="0"><system-out>Таблица найдена (скриншот: 09_Комплектующие_093733.png)</system-out></testcase><testcase classname="selenium" name="Верификация · Форма заказа" time="0"><system-out>Форма и итог найдены (скриншот: 10_Заказы_страница_093736.png)</system-out></testcase><testcase classname="selenium" name="Верификация · Зоны доставки" time="0"><system-out>Форма найдена (скриншот: 11_Зоны_доставки_093738.png)</system-out></testcase><testcase classname="selenium" name="Верификация · Гарантии" time="0"><system-out>Страница загружена (скриншот: 12_Гарантии_093740.png)</system-out></testcase><testcase classname="selenium" name="Валидность · Добавление категории" time="0"><system-out>Проверка по тексту (скриншот: 13_Категории_добавление_093744.png)</system-out></testcase><testcase classname="selenium" name="Валидность · Добавление клиента" time="0"><system-out>Клиент добавлен (скриншот: 15_Клиенты_после_добавления_093750.png)</system-out></testcase><testcase classname="selenium" name="Свой · Контроль доступа (без сессии)" time="0"><system-out>Админ-страницы должны требовать вход</system-out></testcase></testsuite></testsuites>